Arguments: 
  C:\Program Files\nodejs\node.exe C:\Users\MMAaxi\AppData\Roaming\npm\node_modules\yarn\bin\yarn.js add React Next micro-method-router jsonwebtoken firebase-admin date-fns

PATH: 
  C:\Users\MMAaxi\bin;C:\Program Files\Git\mingw64\bin;C:\Program Files\Git\usr\local\bin;C:\Program Files\Git\usr\bin;C:\Program Files\Git\usr\bin;C:\Program Files\Git\mingw64\bin;C:\Program Files\Git\usr\bin;C:\Users\MMAaxi\bin;C:\Program Files (x86)\Common Files\Oracle\Java\javapath;C:\Python39\Scripts;C:\Python39;C:\Windows\system32;C:\Windows;C:\Windows\System32\Wbem;C:\Windows\System32\WindowsPowerShell\v1.0;C:\Windows\System32\OpenSSH;C:\ProgramData\chocolatey\bin;C:\Program Files\Git\cmd;C:\Program Files\NVIDIA Corporation\NVIDIA NvDLISR;C:\WINDOWS\system32;C:\WINDOWS;C:\WINDOWS\System32\Wbem;C:\WINDOWS\System32\WindowsPowerShell\v1.0;C:\WINDOWS\System32\OpenSSH;C:\Program Files\nodejs;C:\Users\MMAaxi\AppData\Local\Microsoft\WindowsApps;C:\Users\MMAaxi\AppData\Local\Programs\Microsoft VS Code\bin;C:\Users\MMAaxi\AppData\Local\Hyper\app-3.0.2\resources\bin;C:\Users\MMAaxi\AppData\Local\Programs\Hyper\resources\bin;C:\Program Files\heroku\bin;C:\Users\MMAaxi\Documents\Programacion\autodidactLand\Hyper\resources\bin;C:\Users\MMAaxi\AppData\Roaming\npm;C:\Program Files\Git\usr\bin\vendor_perl;C:\Program Files\Git\usr\bin\core_perl

Yarn version: 
  1.22.11

Node version: 
  16.13.2

Platform: 
  win32 x64

Trace: 
  Error: https://registry.yarnpkg.com/React: Not found
      at Request.params.callback [as _callback] (C:\Users\MMAaxi\AppData\Roaming\npm\node_modules\yarn\lib\cli.js:66992:18)
      at Request.self.callback (C:\Users\MMAaxi\AppData\Roaming\npm\node_modules\yarn\lib\cli.js:140763:22)
      at Request.emit (node:events:390:28)
      at Request.<anonymous> (C:\Users\MMAaxi\AppData\Roaming\npm\node_modules\yarn\lib\cli.js:141735:10)
      at Request.emit (node:events:390:28)
      at IncomingMessage.<anonymous> (C:\Users\MMAaxi\AppData\Roaming\npm\node_modules\yarn\lib\cli.js:141657:12)
      at Object.onceWrapper (node:events:509:28)
      at IncomingMessage.emit (node:events:402:35)
      at endReadableNT (node:internal/streams/readable:1343:12)
      at processTicksAndRejections (node:internal/process/task_queues:83:21)

npm manifest: 
  {
    "name": "backend",
    "version": "1.0.0",
    "main": "index.js",
    "license": "MIT"
  }

yarn manifest: 
  No manifest

Lockfile: 
  No lockfile
